[2025-05-27T20:25:32.983+0000] {manager.py:487} INFO - Processing files using up to 2 processes at a time 
[2025-05-27T20:25:32.984+0000] {manager.py:488} INFO - Process each file at most once every 30 seconds
[2025-05-27T20:25:32.985+0000] {manager.py:489} INFO - Checking for new files in /opt/airflow/dags every 300 seconds
[2025-05-27T20:25:32.985+0000] {manager.py:755} INFO - Searching for files in /opt/airflow/dags
[2025-05-27T20:25:33.041+0000] {manager.py:758} INFO - There are 1 files in /opt/airflow/dags
[2025-05-27T20:25:33.225+0000] {manager.py:887} INFO - 
================================================================================
DAG File Processing Stats

File Path                           PID  Runtime      # DAGs    # Errors  Last Runtime    Last Run
--------------------------------  -----  ---------  --------  ----------  --------------  ----------
/opt/airflow/dags/example_dag.py    166  0.12s             0           0
================================================================================
[2025-05-27T20:26:03.616+0000] {manager.py:887} INFO - 
================================================================================
DAG File Processing Stats

File Path                           PID  Runtime      # DAGs    # Errors  Last Runtime    Last Run
--------------------------------  -----  ---------  --------  ----------  --------------  -------------------
/opt/airflow/dags/example_dag.py    172  0.03s             0           1  0.18s           2025-05-27T20:25:33
================================================================================
[2025-05-27T20:26:33.973+0000] {manager.py:887} INFO - 
================================================================================
DAG File Processing Stats

File Path                           PID  Runtime      # DAGs    # Errors  Last Runtime    Last Run
--------------------------------  -----  ---------  --------  ----------  --------------  -------------------
/opt/airflow/dags/example_dag.py    177  0.01s             0           1  0.18s           2025-05-27T20:26:03
================================================================================
[2025-05-27T20:27:04.460+0000] {manager.py:887} INFO - 
================================================================================
DAG File Processing Stats

File Path                           PID  Runtime      # DAGs    # Errors  Last Runtime    Last Run
--------------------------------  -----  ---------  --------  ----------  --------------  -------------------
/opt/airflow/dags/example_dag.py    182  0.02s             0           1  0.08s           2025-05-27T20:26:34
================================================================================
[2025-05-27T20:27:34.807+0000] {manager.py:887} INFO - 
================================================================================
DAG File Processing Stats

File Path                           PID  Runtime      # DAGs    # Errors  Last Runtime    Last Run
--------------------------------  -----  ---------  --------  ----------  --------------  -------------------
/opt/airflow/dags/example_dag.py    187  0.02s             0           1  0.17s           2025-05-27T20:27:04
================================================================================
[2025-05-27T20:28:05.309+0000] {manager.py:887} INFO - 
================================================================================
DAG File Processing Stats

File Path                           PID  Runtime      # DAGs    # Errors  Last Runtime    Last Run
--------------------------------  -----  ---------  --------  ----------  --------------  -------------------
/opt/airflow/dags/example_dag.py    192  0.03s             0           1  0.09s           2025-05-27T20:27:34
================================================================================
[2025-05-27T20:28:35.702+0000] {manager.py:887} INFO - 
================================================================================
DAG File Processing Stats

File Path                           PID  Runtime      # DAGs    # Errors  Last Runtime    Last Run
--------------------------------  -----  ---------  --------  ----------  --------------  -------------------
/opt/airflow/dags/example_dag.py    197  0.02s             0           1  0.10s           2025-05-27T20:28:05
================================================================================
[2025-05-27T20:29:06.048+0000] {manager.py:887} INFO - 
================================================================================
DAG File Processing Stats

File Path                           PID  Runtime      # DAGs    # Errors  Last Runtime    Last Run
--------------------------------  -----  ---------  --------  ----------  --------------  -------------------
/opt/airflow/dags/example_dag.py    202  0.02s             0           1  0.08s           2025-05-27T20:28:35
================================================================================
[2025-05-27T20:29:36.426+0000] {manager.py:887} INFO - 
================================================================================
DAG File Processing Stats

File Path                           PID  Runtime      # DAGs    # Errors  Last Runtime    Last Run
--------------------------------  -----  ---------  --------  ----------  --------------  -------------------
/opt/airflow/dags/example_dag.py    207  0.01s             0           1  0.08s           2025-05-27T20:29:06
================================================================================
[2025-05-27T20:29:55.458+0000] {manager.py:469} INFO - Exiting gracefully upon receiving signal 15
[2025-05-27T20:30:22.454+0000] {manager.py:487} INFO - Processing files using up to 2 processes at a time 
[2025-05-27T20:30:22.462+0000] {manager.py:488} INFO - Process each file at most once every 30 seconds
[2025-05-27T20:30:22.462+0000] {manager.py:489} INFO - Checking for new files in /opt/airflow/dags every 300 seconds
[2025-05-27T20:30:22.465+0000] {manager.py:755} INFO - Searching for files in /opt/airflow/dags
[2025-05-27T20:30:22.482+0000] {manager.py:758} INFO - There are 1 files in /opt/airflow/dags
[2025-05-27T20:30:22.602+0000] {manager.py:887} INFO - 
================================================================================
DAG File Processing Stats

File Path                           PID  Runtime      # DAGs    # Errors  Last Runtime    Last Run
--------------------------------  -----  ---------  --------  ----------  --------------  ----------
/opt/airflow/dags/example_dag.py    167  0.06s             0           0
================================================================================
[2025-05-27T20:30:52.963+0000] {manager.py:887} INFO - 
================================================================================
DAG File Processing Stats

File Path                           PID  Runtime      # DAGs    # Errors  Last Runtime    Last Run
--------------------------------  -----  ---------  --------  ----------  --------------  -------------------
/opt/airflow/dags/example_dag.py    172  0.02s             0           1  0.08s           2025-05-27T20:30:22
================================================================================
[2025-05-27T20:31:23.348+0000] {manager.py:887} INFO - 
================================================================================
DAG File Processing Stats

File Path                           PID  Runtime      # DAGs    # Errors  Last Runtime    Last Run
--------------------------------  -----  ---------  --------  ----------  --------------  -------------------
/opt/airflow/dags/example_dag.py    177  0.03s             0           1  0.08s           2025-05-27T20:30:53
================================================================================
[2025-05-27T20:31:53.797+0000] {manager.py:887} INFO - 
================================================================================
DAG File Processing Stats

File Path                           PID  Runtime      # DAGs    # Errors  Last Runtime    Last Run
--------------------------------  -----  ---------  --------  ----------  --------------  -------------------
/opt/airflow/dags/example_dag.py    182  0.02s             0           1  0.11s           2025-05-27T20:31:23
================================================================================
[2025-05-27T20:32:24.275+0000] {manager.py:887} INFO - 
================================================================================
DAG File Processing Stats

File Path                         PID    Runtime      # DAGs    # Errors  Last Runtime    Last Run
--------------------------------  -----  ---------  --------  ----------  --------------  -------------------
/opt/airflow/dags/example_dag.py                           0           1  0.10s           2025-05-27T20:32:11
================================================================================
[2025-05-27T20:32:54.750+0000] {manager.py:887} INFO - 
================================================================================
DAG File Processing Stats

File Path                         PID    Runtime      # DAGs    # Errors  Last Runtime    Last Run
--------------------------------  -----  ---------  --------  ----------  --------------  -------------------
/opt/airflow/dags/example_dag.py                           0           1  0.11s           2025-05-27T20:32:41
================================================================================
[2025-05-27T20:32:57.893+0000] {manager.py:469} INFO - Exiting gracefully upon receiving signal 15
[2025-05-27T20:33:16.555+0000] {manager.py:487} INFO - Processing files using up to 2 processes at a time 
[2025-05-27T20:33:16.555+0000] {manager.py:488} INFO - Process each file at most once every 30 seconds
[2025-05-27T20:33:16.555+0000] {manager.py:489} INFO - Checking for new files in /opt/airflow/dags every 300 seconds
[2025-05-27T20:33:16.555+0000] {manager.py:755} INFO - Searching for files in /opt/airflow/dags
[2025-05-27T20:33:16.558+0000] {manager.py:758} INFO - There are 1 files in /opt/airflow/dags
[2025-05-27T20:33:16.612+0000] {manager.py:887} INFO - 
================================================================================
DAG File Processing Stats

File Path                           PID  Runtime      # DAGs    # Errors  Last Runtime    Last Run
--------------------------------  -----  ---------  --------  ----------  --------------  ----------
/opt/airflow/dags/example_dag.py    166  0.03s             0           0
================================================================================
[2025-05-27T20:33:47.111+0000] {manager.py:887} INFO - 
================================================================================
DAG File Processing Stats

File Path                           PID  Runtime      # DAGs    # Errors  Last Runtime    Last Run
--------------------------------  -----  ---------  --------  ----------  --------------  -------------------
/opt/airflow/dags/example_dag.py    172  0.02s             0           1  0.04s           2025-05-27T20:33:16
================================================================================
[2025-05-27T20:34:17.493+0000] {manager.py:887} INFO - 
================================================================================
DAG File Processing Stats

File Path                           PID  Runtime      # DAGs    # Errors  Last Runtime    Last Run
--------------------------------  -----  ---------  --------  ----------  --------------  -------------------
/opt/airflow/dags/example_dag.py    177  0.04s             0           1  0.24s           2025-05-27T20:33:47
================================================================================
[2025-05-27T20:34:47.844+0000] {manager.py:887} INFO - 
================================================================================
DAG File Processing Stats

File Path                           PID  Runtime      # DAGs    # Errors  Last Runtime    Last Run
--------------------------------  -----  ---------  --------  ----------  --------------  -------------------
/opt/airflow/dags/example_dag.py    182  0.03s             0           1  0.10s           2025-05-27T20:34:17
================================================================================
[2025-05-27T20:35:18.282+0000] {manager.py:887} INFO - 
================================================================================
DAG File Processing Stats

File Path                           PID  Runtime      # DAGs    # Errors  Last Runtime    Last Run
--------------------------------  -----  ---------  --------  ----------  --------------  -------------------
/opt/airflow/dags/example_dag.py    187  0.02s             0           1  0.09s           2025-05-27T20:34:47
================================================================================
[2025-05-27T20:35:48.790+0000] {manager.py:887} INFO - 
================================================================================
DAG File Processing Stats

File Path                           PID  Runtime      # DAGs    # Errors  Last Runtime    Last Run
--------------------------------  -----  ---------  --------  ----------  --------------  -------------------
/opt/airflow/dags/example_dag.py    192  0.03s             0           1  0.09s           2025-05-27T20:35:18
================================================================================
[2025-05-27T20:36:03.573+0000] {manager.py:469} INFO - Exiting gracefully upon receiving signal 15
[2025-05-27T20:38:29.159+0000] {manager.py:487} INFO - Processing files using up to 2 processes at a time 
[2025-05-27T20:38:29.160+0000] {manager.py:488} INFO - Process each file at most once every 30 seconds
[2025-05-27T20:38:29.161+0000] {manager.py:489} INFO - Checking for new files in /opt/airflow/dags every 300 seconds
[2025-05-27T20:38:29.161+0000] {manager.py:755} INFO - Searching for files in /opt/airflow/dags
[2025-05-27T20:38:29.163+0000] {manager.py:758} INFO - There are 1 files in /opt/airflow/dags
[2025-05-27T20:38:29.244+0000] {manager.py:887} INFO - 
================================================================================
DAG File Processing Stats

File Path                           PID  Runtime      # DAGs    # Errors  Last Runtime    Last Run
--------------------------------  -----  ---------  --------  ----------  --------------  ----------
/opt/airflow/dags/example_dag.py    167  0.04s             0           0
================================================================================
[2025-05-27T20:38:31.306+0000] {manager.py:469} INFO - Exiting gracefully upon receiving signal 15
[2025-05-27T20:38:39.810+0000] {manager.py:487} INFO - Processing files using up to 2 processes at a time 
[2025-05-27T20:38:39.812+0000] {manager.py:488} INFO - Process each file at most once every 30 seconds
[2025-05-27T20:38:39.812+0000] {manager.py:489} INFO - Checking for new files in /opt/airflow/dags every 300 seconds
[2025-05-27T20:38:39.812+0000] {manager.py:755} INFO - Searching for files in /opt/airflow/dags
[2025-05-27T20:38:39.815+0000] {manager.py:758} INFO - There are 1 files in /opt/airflow/dags
[2025-05-27T20:38:39.896+0000] {manager.py:887} INFO - 
================================================================================
DAG File Processing Stats

File Path                           PID  Runtime      # DAGs    # Errors  Last Runtime    Last Run
--------------------------------  -----  ---------  --------  ----------  --------------  ----------
/opt/airflow/dags/example_dag.py    166  0.04s             0           0
================================================================================
[2025-05-27T20:39:10.493+0000] {manager.py:887} INFO - 
================================================================================
DAG File Processing Stats

File Path                           PID  Runtime      # DAGs    # Errors  Last Runtime    Last Run
--------------------------------  -----  ---------  --------  ----------  --------------  -------------------
/opt/airflow/dags/example_dag.py    172  0.03s             0           1  0.08s           2025-05-27T20:38:39
================================================================================
[2025-05-27T20:39:41.150+0000] {manager.py:887} INFO - 
================================================================================
DAG File Processing Stats

File Path                           PID  Runtime      # DAGs    # Errors  Last Runtime    Last Run
--------------------------------  -----  ---------  --------  ----------  --------------  -------------------
/opt/airflow/dags/example_dag.py    177  0.02s             0           1  0.12s           2025-05-27T20:39:10
================================================================================
[2025-05-27T20:40:11.606+0000] {manager.py:887} INFO - 
================================================================================
DAG File Processing Stats

File Path                           PID  Runtime      # DAGs    # Errors  Last Runtime    Last Run
--------------------------------  -----  ---------  --------  ----------  --------------  -------------------
/opt/airflow/dags/example_dag.py    182  0.02s             0           1  0.16s           2025-05-27T20:39:41
================================================================================
[2025-05-27T20:40:42.033+0000] {manager.py:887} INFO - 
================================================================================
DAG File Processing Stats

File Path                           PID  Runtime      # DAGs    # Errors  Last Runtime    Last Run
--------------------------------  -----  ---------  --------  ----------  --------------  -------------------
/opt/airflow/dags/example_dag.py    187  0.01s             0           1  0.21s           2025-05-27T20:40:11
================================================================================
[2025-05-27T20:41:12.422+0000] {manager.py:887} INFO - 
================================================================================
DAG File Processing Stats

File Path                           PID  Runtime      # DAGs    # Errors  Last Runtime    Last Run
--------------------------------  -----  ---------  --------  ----------  --------------  -------------------
/opt/airflow/dags/example_dag.py    192  0.03s             0           1  0.07s           2025-05-27T20:40:42
================================================================================
[2025-05-27T20:41:42.789+0000] {manager.py:887} INFO - 
================================================================================
DAG File Processing Stats

File Path                           PID  Runtime      # DAGs    # Errors  Last Runtime    Last Run
--------------------------------  -----  ---------  --------  ----------  --------------  -------------------
/opt/airflow/dags/example_dag.py    197  0.02s             0           1  0.10s           2025-05-27T20:41:12
================================================================================
[2025-05-27T20:42:13.108+0000] {manager.py:887} INFO - 
================================================================================
DAG File Processing Stats

File Path                           PID  Runtime      # DAGs    # Errors  Last Runtime    Last Run
--------------------------------  -----  ---------  --------  ----------  --------------  -------------------
/opt/airflow/dags/example_dag.py    202  0.02s             0           1  0.08s           2025-05-27T20:41:42
================================================================================
[2025-05-27T20:42:43.501+0000] {manager.py:887} INFO - 
================================================================================
DAG File Processing Stats

File Path                           PID  Runtime      # DAGs    # Errors  Last Runtime    Last Run
--------------------------------  -----  ---------  --------  ----------  --------------  -------------------
/opt/airflow/dags/example_dag.py    207  0.03s             0           1  0.07s           2025-05-27T20:42:13
================================================================================
[2025-05-27T20:43:13.914+0000] {manager.py:887} INFO - 
================================================================================
DAG File Processing Stats

File Path                           PID  Runtime      # DAGs    # Errors  Last Runtime    Last Run
--------------------------------  -----  ---------  --------  ----------  --------------  -------------------
/opt/airflow/dags/example_dag.py    212  0.04s             0           1  0.09s           2025-05-27T20:42:43
================================================================================
[2025-05-27T20:43:40.244+0000] {manager.py:755} INFO - Searching for files in /opt/airflow/dags
[2025-05-27T20:43:40.256+0000] {manager.py:758} INFO - There are 1 files in /opt/airflow/dags
[2025-05-27T20:43:44.373+0000] {manager.py:887} INFO - 
================================================================================
DAG File Processing Stats

File Path                           PID  Runtime      # DAGs    # Errors  Last Runtime    Last Run
--------------------------------  -----  ---------  --------  ----------  --------------  -------------------
/opt/airflow/dags/example_dag.py    217  0.03s             0           1  0.10s           2025-05-27T20:43:13
================================================================================
[2025-05-27T20:44:24.399+0000] {manager.py:487} INFO - Processing files using up to 2 processes at a time 
[2025-05-27T20:44:24.402+0000] {manager.py:488} INFO - Process each file at most once every 30 seconds
[2025-05-27T20:44:24.402+0000] {manager.py:489} INFO - Checking for new files in /opt/airflow/dags every 300 seconds
[2025-05-27T20:44:24.402+0000] {manager.py:755} INFO - Searching for files in /opt/airflow/dags
[2025-05-27T20:44:24.412+0000] {manager.py:758} INFO - There are 1 files in /opt/airflow/dags
[2025-05-27T20:44:24.629+0000] {manager.py:887} INFO - 
================================================================================
DAG File Processing Stats

File Path                           PID  Runtime      # DAGs    # Errors  Last Runtime    Last Run
--------------------------------  -----  ---------  --------  ----------  --------------  ----------
/opt/airflow/dags/example_dag.py    166  0.12s             0           0
================================================================================
[2025-05-27T20:44:54.979+0000] {manager.py:887} INFO - 
================================================================================
DAG File Processing Stats

File Path                           PID  Runtime      # DAGs    # Errors  Last Runtime    Last Run
--------------------------------  -----  ---------  --------  ----------  --------------  -------------------
/opt/airflow/dags/example_dag.py    236  0.00s             0           1  0.14s           2025-05-27T20:44:24
================================================================================
[2025-05-27T20:44:55.855+0000] {manager.py:469} INFO - Exiting gracefully upon receiving signal 15
[2025-05-27T20:46:22.784+0000] {manager.py:487} INFO - Processing files using up to 2 processes at a time 
[2025-05-27T20:46:22.785+0000] {manager.py:488} INFO - Process each file at most once every 30 seconds
[2025-05-27T20:46:22.786+0000] {manager.py:489} INFO - Checking for new files in /opt/airflow/dags every 300 seconds
[2025-05-27T20:46:22.786+0000] {manager.py:755} INFO - Searching for files in /opt/airflow/dags
[2025-05-27T20:46:22.790+0000] {manager.py:758} INFO - There are 1 files in /opt/airflow/dags
[2025-05-27T20:46:22.857+0000] {manager.py:887} INFO - 
================================================================================
DAG File Processing Stats

File Path                           PID  Runtime      # DAGs    # Errors  Last Runtime    Last Run
--------------------------------  -----  ---------  --------  ----------  --------------  ----------
/opt/airflow/dags/example_dag.py    166  0.03s             0           0
================================================================================
[2025-05-27T20:46:53.148+0000] {manager.py:887} INFO - 
================================================================================
DAG File Processing Stats

File Path                           PID  Runtime      # DAGs    # Errors  Last Runtime    Last Run
--------------------------------  -----  ---------  --------  ----------  --------------  -------------------
/opt/airflow/dags/example_dag.py    172  0.03s             0           1  0.04s           2025-05-27T20:46:22
================================================================================
[2025-05-27T20:47:23.521+0000] {manager.py:887} INFO - 
================================================================================
DAG File Processing Stats

File Path                           PID  Runtime      # DAGs    # Errors  Last Runtime    Last Run
--------------------------------  -----  ---------  --------  ----------  --------------  -------------------
/opt/airflow/dags/example_dag.py    177  0.02s             0           1  0.08s           2025-05-27T20:46:53
================================================================================
[2025-05-27T20:47:53.867+0000] {manager.py:887} INFO - 
================================================================================
DAG File Processing Stats

File Path                           PID  Runtime      # DAGs    # Errors  Last Runtime    Last Run
--------------------------------  -----  ---------  --------  ----------  --------------  -------------------
/opt/airflow/dags/example_dag.py    182  0.04s             0           1  0.07s           2025-05-27T20:47:23
================================================================================
[2025-05-27T20:48:00.857+0000] {manager.py:469} INFO - Exiting gracefully upon receiving signal 15
[2025-05-27T20:55:25.042+0000] {manager.py:487} INFO - Processing files using up to 2 processes at a time 
[2025-05-27T20:55:25.044+0000] {manager.py:488} INFO - Process each file at most once every 30 seconds
[2025-05-27T20:55:25.044+0000] {manager.py:489} INFO - Checking for new files in /opt/airflow/dags every 300 seconds
[2025-05-27T20:55:25.045+0000] {manager.py:755} INFO - Searching for files in /opt/airflow/dags
[2025-05-27T20:55:25.054+0000] {manager.py:758} INFO - There are 1 files in /opt/airflow/dags
[2025-05-27T20:55:25.461+0000] {manager.py:887} INFO - 
================================================================================
DAG File Processing Stats

File Path                           PID  Runtime      # DAGs    # Errors  Last Runtime    Last Run
--------------------------------  -----  ---------  --------  ----------  --------------  ----------
/opt/airflow/dags/example_dag.py    166  0.29s             0           0
================================================================================
[2025-05-27T20:55:56.104+0000] {manager.py:887} INFO - 
================================================================================
DAG File Processing Stats

File Path                           PID  Runtime      # DAGs    # Errors  Last Runtime    Last Run
--------------------------------  -----  ---------  --------  ----------  --------------  -------------------
/opt/airflow/dags/example_dag.py    172  0.03s             0           1  0.35s           2025-05-27T20:55:25
================================================================================
[2025-05-27T20:56:26.520+0000] {manager.py:887} INFO - 
================================================================================
DAG File Processing Stats

File Path                           PID  Runtime      # DAGs    # Errors  Last Runtime    Last Run
--------------------------------  -----  ---------  --------  ----------  --------------  -------------------
/opt/airflow/dags/example_dag.py    177  0.02s             0           1  0.36s           2025-05-27T20:55:56
================================================================================
[2025-05-27T20:56:56.901+0000] {manager.py:887} INFO - 
================================================================================
DAG File Processing Stats

File Path                           PID  Runtime      # DAGs    # Errors  Last Runtime    Last Run
--------------------------------  -----  ---------  --------  ----------  --------------  -------------------
/opt/airflow/dags/example_dag.py    182  0.04s             0           1  0.10s           2025-05-27T20:56:26
================================================================================
[2025-05-27T20:57:27.338+0000] {manager.py:887} INFO - 
================================================================================
DAG File Processing Stats

File Path                           PID  Runtime      # DAGs    # Errors  Last Runtime    Last Run
--------------------------------  -----  ---------  --------  ----------  --------------  -------------------
/opt/airflow/dags/example_dag.py    187  0.03s             0           1  0.11s           2025-05-27T20:56:56
================================================================================
[2025-05-27T20:57:57.712+0000] {manager.py:887} INFO - 
================================================================================
DAG File Processing Stats

File Path                           PID  Runtime      # DAGs    # Errors  Last Runtime    Last Run
--------------------------------  -----  ---------  --------  ----------  --------------  -------------------
/opt/airflow/dags/example_dag.py    192  0.03s             0           1  0.10s           2025-05-27T20:57:27
================================================================================
[2025-05-27T20:58:28.113+0000] {manager.py:887} INFO - 
================================================================================
DAG File Processing Stats

File Path                           PID  Runtime      # DAGs    # Errors  Last Runtime    Last Run
--------------------------------  -----  ---------  --------  ----------  --------------  -------------------
/opt/airflow/dags/example_dag.py    197  0.04s             0           1  0.10s           2025-05-27T20:57:57
================================================================================
[2025-05-27T20:58:58.495+0000] {manager.py:887} INFO - 
================================================================================
DAG File Processing Stats

File Path                           PID  Runtime      # DAGs    # Errors  Last Runtime    Last Run
--------------------------------  -----  ---------  --------  ----------  --------------  -------------------
/opt/airflow/dags/example_dag.py    202  0.04s             0           1  0.10s           2025-05-27T20:58:28
================================================================================
[2025-05-27T20:59:28.836+0000] {manager.py:887} INFO - 
================================================================================
DAG File Processing Stats

File Path                           PID  Runtime      # DAGs    # Errors  Last Runtime    Last Run
--------------------------------  -----  ---------  --------  ----------  --------------  -------------------
/opt/airflow/dags/example_dag.py    207  0.03s             0           1  0.10s           2025-05-27T20:58:58
================================================================================
[2025-05-27T20:59:59.228+0000] {manager.py:887} INFO - 
================================================================================
DAG File Processing Stats

File Path                           PID  Runtime      # DAGs    # Errors  Last Runtime    Last Run
--------------------------------  -----  ---------  --------  ----------  --------------  -------------------
/opt/airflow/dags/example_dag.py    212  0.04s             0           1  0.10s           2025-05-27T20:59:28
================================================================================
[2025-05-27T21:00:25.554+0000] {manager.py:755} INFO - Searching for files in /opt/airflow/dags
[2025-05-27T21:00:25.570+0000] {manager.py:758} INFO - There are 1 files in /opt/airflow/dags
[2025-05-27T21:00:29.735+0000] {manager.py:887} INFO - 
================================================================================
DAG File Processing Stats

File Path                           PID  Runtime      # DAGs    # Errors  Last Runtime    Last Run
--------------------------------  -----  ---------  --------  ----------  --------------  -------------------
/opt/airflow/dags/example_dag.py    217  0.05s             0           1  0.10s           2025-05-27T20:59:59
================================================================================
[2025-05-27T21:00:59.110+0000] {manager.py:469} INFO - Exiting gracefully upon receiving signal 15
[2025-05-27T21:01:11.110+0000] {manager.py:487} INFO - Processing files using up to 2 processes at a time 
[2025-05-27T21:01:11.110+0000] {manager.py:488} INFO - Process each file at most once every 30 seconds
[2025-05-27T21:01:11.110+0000] {manager.py:489} INFO - Checking for new files in /opt/airflow/dags every 300 seconds
[2025-05-27T21:01:11.111+0000] {manager.py:755} INFO - Searching for files in /opt/airflow/dags
[2025-05-27T21:01:11.113+0000] {manager.py:758} INFO - There are 1 files in /opt/airflow/dags
[2025-05-27T21:01:11.169+0000] {manager.py:887} INFO - 
================================================================================
DAG File Processing Stats

File Path                           PID  Runtime      # DAGs    # Errors  Last Runtime    Last Run
--------------------------------  -----  ---------  --------  ----------  --------------  ----------
/opt/airflow/dags/example_dag.py    166  0.03s             0           0
================================================================================
[2025-05-27T21:01:41.513+0000] {manager.py:887} INFO - 
================================================================================
DAG File Processing Stats

File Path                           PID  Runtime      # DAGs    # Errors  Last Runtime    Last Run
--------------------------------  -----  ---------  --------  ----------  --------------  -------------------
/opt/airflow/dags/example_dag.py    172  0.02s             0           1  0.04s           2025-05-27T21:01:11
================================================================================
[2025-05-27T21:02:12.090+0000] {manager.py:887} INFO - 
================================================================================
DAG File Processing Stats

File Path                           PID  Runtime      # DAGs    # Errors  Last Runtime    Last Run
--------------------------------  -----  ---------  --------  ----------  --------------  -------------------
/opt/airflow/dags/example_dag.py    177  0.02s             0           1  0.09s           2025-05-27T21:01:41
================================================================================
[2025-05-27T21:02:42.565+0000] {manager.py:887} INFO - 
================================================================================
DAG File Processing Stats

File Path                           PID  Runtime      # DAGs    # Errors  Last Runtime    Last Run
--------------------------------  -----  ---------  --------  ----------  --------------  -------------------
/opt/airflow/dags/example_dag.py    182  0.02s             0           1  0.08s           2025-05-27T21:02:12
================================================================================
[2025-05-27T21:02:57.875+0000] {manager.py:469} INFO - Exiting gracefully upon receiving signal 15
[2025-05-27T21:03:09.500+0000] {manager.py:487} INFO - Processing files using up to 2 processes at a time 
[2025-05-27T21:03:09.500+0000] {manager.py:488} INFO - Process each file at most once every 30 seconds
[2025-05-27T21:03:09.500+0000] {manager.py:489} INFO - Checking for new files in /opt/airflow/dags every 300 seconds
[2025-05-27T21:03:09.501+0000] {manager.py:755} INFO - Searching for files in /opt/airflow/dags
[2025-05-27T21:03:09.504+0000] {manager.py:758} INFO - There are 1 files in /opt/airflow/dags
[2025-05-27T21:03:09.563+0000] {manager.py:887} INFO - 
================================================================================
DAG File Processing Stats

File Path                           PID  Runtime      # DAGs    # Errors  Last Runtime    Last Run
--------------------------------  -----  ---------  --------  ----------  --------------  ----------
/opt/airflow/dags/example_dag.py    166  0.03s             0           0
================================================================================
[2025-05-27T21:03:39.967+0000] {manager.py:887} INFO - 
================================================================================
DAG File Processing Stats

File Path                           PID  Runtime      # DAGs    # Errors  Last Runtime    Last Run
--------------------------------  -----  ---------  --------  ----------  --------------  -------------------
/opt/airflow/dags/example_dag.py    174  0.03s             1           0  0.08s           2025-05-27T21:03:09
================================================================================
[2025-05-27T21:04:10.382+0000] {manager.py:887} INFO - 
================================================================================
DAG File Processing Stats

File Path                           PID  Runtime      # DAGs    # Errors  Last Runtime    Last Run
--------------------------------  -----  ---------  --------  ----------  --------------  -------------------
/opt/airflow/dags/example_dag.py    181  0.03s             1           0  0.14s           2025-05-27T21:03:40
================================================================================
[2025-05-27T21:04:40.764+0000] {manager.py:887} INFO - 
================================================================================
DAG File Processing Stats

File Path                         PID    Runtime      # DAGs    # Errors  Last Runtime    Last Run
--------------------------------  -----  ---------  --------  ----------  --------------  -------------------
/opt/airflow/dags/example_dag.py                           1           0  0.19s           2025-05-27T21:04:17
================================================================================
[2025-05-27T21:05:11.325+0000] {manager.py:887} INFO - 
================================================================================
DAG File Processing Stats

File Path                         PID    Runtime      # DAGs    # Errors  Last Runtime    Last Run
--------------------------------  -----  ---------  --------  ----------  --------------  -------------------
/opt/airflow/dags/example_dag.py                           1           0  0.20s           2025-05-27T21:04:48
================================================================================
[2025-05-27T21:05:41.733+0000] {manager.py:887} INFO - 
================================================================================
DAG File Processing Stats

File Path                         PID    Runtime      # DAGs    # Errors  Last Runtime    Last Run
--------------------------------  -----  ---------  --------  ----------  --------------  -------------------
/opt/airflow/dags/example_dag.py                           1           0  0.15s           2025-05-27T21:05:18
================================================================================
[2025-05-27T21:06:12.135+0000] {manager.py:887} INFO - 
================================================================================
DAG File Processing Stats

File Path                         PID    Runtime      # DAGs    # Errors  Last Runtime    Last Run
--------------------------------  -----  ---------  --------  ----------  --------------  -------------------
/opt/airflow/dags/example_dag.py                           1           0  0.13s           2025-05-27T21:05:48
================================================================================
[2025-05-27T21:06:42.487+0000] {manager.py:887} INFO - 
================================================================================
DAG File Processing Stats

File Path                         PID    Runtime      # DAGs    # Errors  Last Runtime    Last Run
--------------------------------  -----  ---------  --------  ----------  --------------  -------------------
/opt/airflow/dags/example_dag.py                           1           0  0.25s           2025-05-27T21:06:19
================================================================================
[2025-05-27T21:07:12.793+0000] {manager.py:887} INFO - 
================================================================================
DAG File Processing Stats

File Path                         PID    Runtime      # DAGs    # Errors  Last Runtime    Last Run
--------------------------------  -----  ---------  --------  ----------  --------------  -------------------
/opt/airflow/dags/example_dag.py                           1           0  0.14s           2025-05-27T21:06:49
================================================================================
[2025-05-27T21:07:43.201+0000] {manager.py:887} INFO - 
================================================================================
DAG File Processing Stats

File Path                         PID    Runtime      # DAGs    # Errors  Last Runtime    Last Run
--------------------------------  -----  ---------  --------  ----------  --------------  -------------------
/opt/airflow/dags/example_dag.py                           1           0  0.14s           2025-05-27T21:07:20
================================================================================
[2025-05-27T21:08:09.508+0000] {manager.py:755} INFO - Searching for files in /opt/airflow/dags
[2025-05-27T21:08:09.523+0000] {manager.py:758} INFO - There are 1 files in /opt/airflow/dags
[2025-05-27T21:08:13.605+0000] {manager.py:887} INFO - 
================================================================================
DAG File Processing Stats

File Path                         PID    Runtime      # DAGs    # Errors  Last Runtime    Last Run
--------------------------------  -----  ---------  --------  ----------  --------------  -------------------
/opt/airflow/dags/example_dag.py                           1           0  0.12s           2025-05-27T21:07:50
================================================================================
[2025-05-27T21:08:44.051+0000] {manager.py:887} INFO - 
================================================================================
DAG File Processing Stats

File Path                         PID    Runtime      # DAGs    # Errors  Last Runtime    Last Run
--------------------------------  -----  ---------  --------  ----------  --------------  -------------------
/opt/airflow/dags/example_dag.py                           1           0  0.13s           2025-05-27T21:08:20
================================================================================
[2025-05-27T21:09:14.453+0000] {manager.py:887} INFO - 
================================================================================
DAG File Processing Stats

File Path                         PID    Runtime      # DAGs    # Errors  Last Runtime    Last Run
--------------------------------  -----  ---------  --------  ----------  --------------  -------------------
/opt/airflow/dags/example_dag.py                           1           0  0.14s           2025-05-27T21:08:51
================================================================================
[2025-05-27T21:09:44.978+0000] {manager.py:887} INFO - 
================================================================================
DAG File Processing Stats

File Path                         PID    Runtime      # DAGs    # Errors  Last Runtime    Last Run
--------------------------------  -----  ---------  --------  ----------  --------------  -------------------
/opt/airflow/dags/example_dag.py                           1           0  0.17s           2025-05-27T21:09:21
================================================================================
[2025-05-27T21:10:15.447+0000] {manager.py:887} INFO - 
================================================================================
DAG File Processing Stats

File Path                         PID    Runtime      # DAGs    # Errors  Last Runtime    Last Run
--------------------------------  -----  ---------  --------  ----------  --------------  -------------------
/opt/airflow/dags/example_dag.py                           1           0  0.15s           2025-05-27T21:09:52
================================================================================
[2025-05-27T21:10:45.850+0000] {manager.py:887} INFO - 
================================================================================
DAG File Processing Stats

File Path                         PID    Runtime      # DAGs    # Errors  Last Runtime    Last Run
--------------------------------  -----  ---------  --------  ----------  --------------  -------------------
/opt/airflow/dags/example_dag.py                           1           0  0.13s           2025-05-27T21:10:22
================================================================================
[2025-05-27T21:11:00.606+0000] {manager.py:469} INFO - Exiting gracefully upon receiving signal 15
